This is pdfTeX, Version 3.14159265-2.6-1.40.20 (TeX Live 2019/Debian) (preloaded format=pdflatex 2021.11.4)  11 JAN 2022 17:28
entering extended mode
 restricted \write18 enabled.
 %&-line parsing enabled.
**exemple_rapport.tex
(./exemple_rapport.tex
LaTeX2e <2020-02-02> patch level 2
L3 programming layer <2020-02-14>
(/usr/share/texlive/texmf-dist/tex/latex/base/article.cls
Document Class: article 2019/12/20 v1.4l Standard LaTeX document class
(/usr/share/texlive/texmf-dist/tex/latex/base/size10.clo
File: size10.clo 2019/12/20 v1.4l Standard LaTeX file (size option)
)
\c@part=\count167
\c@section=\count168
\c@subsection=\count169
\c@subsubsection=\count170
\c@paragraph=\count171
\c@subparagraph=\count172
\c@figure=\count173
\c@table=\count174
\abovecaptionskip=\skip47
\belowcaptionskip=\skip48
\bibindent=\dimen134
)
(/usr/share/texlive/texmf-dist/tex/latex/base/fontenc.sty
Package: fontenc 2020/02/11 v2.0o Standard LaTeX package
)
(/usr/share/texlive/texmf-dist/tex/latex/base/inputenc.sty
Package: inputenc 2018/08/11 v1.3c Input encoding file
\inpenc@prehook=\toks14
\inpenc@posthook=\toks15

(/usr/share/texlive/texmf-dist/tex/latex/base/latin1.def
File: latin1.def 2018/08/11 v1.3c Input encoding file
))
(/usr/share/texlive/texmf-dist/tex/latex/a4wide/a4wide.sty
Package: a4wide 1994/08/30

(/usr/share/texlive/texmf-dist/tex/latex/ntgclass/a4.sty
Package: a4 2004/04/15 v1.2g A4 based page layout
))
(/usr/share/texlive/texmf-dist/tex/latex/graphics/graphicx.sty
Package: graphicx 2019/11/30 v1.2a Enhanced LaTeX Graphics (DPC,SPQR)

(/usr/share/texlive/texmf-dist/tex/latex/graphics/keyval.sty
Package: keyval 2014/10/28 v1.15 key=value parser (DPC)
\KV@toks@=\toks16
)
(/usr/share/texlive/texmf-dist/tex/latex/graphics/graphics.sty
Package: graphics 2019/11/30 v1.4a Standard LaTeX Graphics (DPC,SPQR)

(/usr/share/texlive/texmf-dist/tex/latex/graphics/trig.sty
Package: trig 2016/01/03 v1.10 sin cos tan (DPC)
)
(/usr/share/texlive/texmf-dist/tex/latex/graphics-cfg/graphics.cfg
File: graphics.cfg 2016/06/04 v1.11 sample graphics configuration
)
Package graphics Info: Driver file: pdftex.def on input line 105.

(/usr/share/texlive/texmf-dist/tex/latex/graphics-def/pdftex.def
File: pdftex.def 2018/01/08 v1.0l Graphics/color driver for pdftex
))
\Gin@req@height=\dimen135
\Gin@req@width=\dimen136
)
(/usr/share/texlive/texmf-dist/tex/latex/amsfonts/amssymb.sty
Package: amssymb 2013/01/14 v3.01 AMS font symbols

(/usr/share/texlive/texmf-dist/tex/latex/amsfonts/amsfonts.sty
Package: amsfonts 2013/01/14 v3.01 Basic AMSFonts support
\@emptytoks=\toks17
\symAMSa=\mathgroup4
\symAMSb=\mathgroup5
LaTeX Font Info:    Redeclaring math symbol \hbar on input line 98.
LaTeX Font Info:    Overwriting math alphabet `\mathfrak' in version `bold'
(Font)                  U/euf/m/n --> U/euf/b/n on input line 106.
))
(/usr/share/texlive/texmf-dist/tex/latex/graphics/color.sty
Package: color 2019/11/23 v1.2a Standard LaTeX Color (DPC)

(/usr/share/texlive/texmf-dist/tex/latex/graphics-cfg/color.cfg
File: color.cfg 2016/01/02 v1.6 sample color configuration
)
Package color Info: Driver file: pdftex.def on input line 147.
)
(/usr/share/texlive/texmf-dist/tex/generic/babel/babel.sty
Package: babel 2020/02/14 3.40 The Babel package

(/usr/share/texlive/texmf-dist/tex/generic/babel/switch.def
File: switch.def 2020/02/14 3.40 Babel switching mechanism
)
(/usr/share/texlive/texmf-dist/tex/generic/babel-french/frenchb.ldf
Language: frenchb 2020/01/30 v3.5g French support from the babel system


Package babel-french Warning: Option `frenchb' for Babel is *deprecated*,
(babel-french)                it might be removed sooner or later. Please
(babel-french)                use `french' instead; reported on input line 35.

(/usr/share/texlive/texmf-dist/tex/generic/babel-french/french.ldf
Language: french 2020/01/30 v3.5g French support from the babel system

(/usr/share/texlive/texmf-dist/tex/generic/babel/babel.def
File: babel.def 2020/02/14 3.40 Babel common definitions
\babel@savecnt=\count175
\U@D=\dimen137

(/usr/share/texlive/texmf-dist/tex/generic/babel/txtbabel.def)
\bbl@readstream=\read2
\bbl@dirlevel=\count176
)
Package babel Info: \l@acadian = using hyphenrules for french
(babel)             (\language64) on input line 91.
Package babel Info: \l@canadien = using hyphenrules for french
(babel)             (\language64) on input line 92.
\FB@nonchar=\count177
Package babel Info: Making : an active character on input line 419.
Package babel Info: Making ; an active character on input line 420.
Package babel Info: Making ! an active character on input line 421.
Package babel Info: Making ? an active character on input line 422.
\FBguill@level=\count178
\FBold@everypar=\toks18
\FB@Mht=\dimen138
\mc@charclass=\count179
\mc@charfam=\count180
\mc@charslot=\count181
\std@mcc=\count182
\dec@mcc=\count183
\c@FBcaption@count=\count184
\listindentFB=\dimen139
\descindentFB=\dimen140
\labelindentFB=\dimen141
\labelwidthFB=\dimen142
\leftmarginFB=\dimen143
\parindentFFN=\dimen144
\FBfnindent=\dimen145
)))
(/usr/share/texlive/texmf-dist/tex/latex/carlisle/scalefnt.sty)
(/usr/share/texlive/texmf-dist/tex/latex/l3backend/l3backend-pdfmode.def
File: l3backend-pdfmode.def 2020-02-03 L3 backend support: PDF mode
\l__kernel_color_stack_int=\count185
\l__pdf_internal_box=\box45
)
(./exemple_rapport.aux)
\openout1 = `exemple_rapport.aux'.

LaTeX Font Info:    Checking defaults for OML/cmm/m/it on input line 13.
LaTeX Font Info:    ... okay on input line 13.
LaTeX Font Info:    Checking defaults for OMS/cmsy/m/n on input line 13.
LaTeX Font Info:    ... okay on input line 13.
LaTeX Font Info:    Checking defaults for OT1/cmr/m/n on input line 13.
LaTeX Font Info:    ... okay on input line 13.
LaTeX Font Info:    Checking defaults for T1/cmr/m/n on input line 13.
LaTeX Font Info:    ... okay on input line 13.
LaTeX Font Info:    Checking defaults for TS1/cmr/m/n on input line 13.
LaTeX Font Info:    ... okay on input line 13.
LaTeX Font Info:    Checking defaults for OMX/cmex/m/n on input line 13.
LaTeX Font Info:    ... okay on input line 13.
LaTeX Font Info:    Checking defaults for U/cmr/m/n on input line 13.
LaTeX Font Info:    ... okay on input line 13.

(/usr/share/texlive/texmf-dist/tex/context/base/mkii/supp-pdf.mkii
[Loading MPS to PDF converter (version 2006.09.02).]
\scratchcounter=\count186
\scratchdimen=\dimen146
\scratchbox=\box46
\nofMPsegments=\count187
\nofMParguments=\count188
\everyMPshowfont=\toks19
\MPscratchCnt=\count189
\MPscratchDim=\dimen147
\MPnumerator=\count190
\makeMPintoPDFobject=\count191
\everyMPtoPDFconversion=\toks20
) (/usr/share/texlive/texmf-dist/tex/latex/epstopdf-pkg/epstopdf-base.sty
Package: epstopdf-base 2020-01-24 v2.11 Base part for package epstopdf
Package epstopdf-base Info: Redefining graphics rule for `.eps' on input line 4
85.

(/usr/share/texlive/texmf-dist/tex/latex/latexconfig/epstopdf-sys.cfg
File: epstopdf-sys.cfg 2010/07/13 v1.3 Configuration of (r)epstopdf for TeX Liv
e
))
LaTeX Info: Redefining \degres on input line 13.
LaTeX Info: Redefining \dots on input line 13.
LaTeX Info: Redefining \up on input line 13.
<inp_n7.png, id=1, 428.35031pt x 69.25874pt>
File: inp_n7.png Graphic file (type png)
<use inp_n7.png>
Package pdftex.def Info: inp_n7.png  used on input line 17.
(pdftex.def)             Requested size: 142.26378pt x 23.00233pt.
LaTeX Font Info:    Trying to load font information for U+msa on input line 26.


(/usr/share/texlive/texmf-dist/tex/latex/amsfonts/umsa.fd
File: umsa.fd 2013/01/14 v3.01 AMS symbols A
)
LaTeX Font Info:    Trying to load font information for U+msb on input line 26.


(/usr/share/texlive/texmf-dist/tex/latex/amsfonts/umsb.fd
File: umsb.fd 2013/01/14 v3.01 AMS symbols B
) [1

{/var/lib/texmf/fonts/map/pdftex/updmap/pdftex.map} <./inp_n7.png>] (./exemple_
rapport.toc)
\tf@toc=\write3
\openout3 = `exemple_rapport.toc'.


(./exemple_rapport.lof)
\tf@lof=\write4
\openout4 = `exemple_rapport.lof'.

 [2]
<MF_TDMA_recu.png, id=16, 695.59875pt x 248.42813pt>
File: MF_TDMA_recu.png Graphic file (type png)
<use MF_TDMA_recu.png>
Package pdftex.def Info: MF_TDMA_recu.png  used on input line 46.
(pdftex.def)             Requested size: 426.79134pt x 152.42416pt.

Overfull \hbox (2.2051pt too wide) in paragraph at lines 46--47
 [][] 
 []


LaTeX Warning: Command \` invalid in math mode on input line 54.

Missing character: There is no è in font cmr7!

LaTeX Warning: Command \` invalid in math mode on input line 55.

Missing character: There is no è in font cmr7!

Overfull \hbox (1.5896pt too wide) detected at line 71
\OML/cmm/m/it/14.4 S[]\OT1/cmr/m/n/14.4 (\OML/cmm/m/it/14.4 f\OT1/cmr/m/n/14.4 
) = \OMS/cmsy/m/n/14.4 j\OML/cmm/m/it/14.4 M[]\OT1/cmr/m/n/14.4 (\OML/cmm/m/it/
14.4 f\OT1/cmr/m/n/14.4 ) \OMS/cmsy/m/n/14.4 ^^C \OT1/cmr/m/n/14.4 [\OML/cmm/m/
it/14.4 ^^N\OT1/cmr/m/n/14.4 (\OML/cmm/m/it/14.4 f \OMS/cmsy/m/n/14.4 ^^@ \OML/
cmm/m/it/14.4 f[]\OT1/cmr/m/n/14.4 ) + \OML/cmm/m/it/14.4 ^^N\OT1/cmr/m/n/14.4 
(\OML/cmm/m/it/14.4 f \OT1/cmr/m/n/14.4 + \OML/cmm/m/it/14.4 f[]\OT1/cmr/m/n/14
.4 )] + \OML/cmm/m/it/14.4 M[]\OT1/cmr/m/n/14.4 (\OML/cmm/m/it/14.4 f\OT1/cmr/m
/n/14.4 ) \OMS/cmsy/m/n/14.4 ^^C \OT1/cmr/m/n/14.4 [\OML/cmm/m/it/14.4 ^^N\OT1/
cmr/m/n/14.4 (\OML/cmm/m/it/14.4 f \OMS/cmsy/m/n/14.4 ^^@ \OML/cmm/m/it/14.4 f[
]\OT1/cmr/m/n/14.4 ) + \OML/cmm/m/it/14.4 ^^N\OT1/cmr/m/n/14.4 (\OML/cmm/m/it/1
4.4 f \OT1/cmr/m/n/14.4 + \OML/cmm/m/it/14.4 f[]\OT1/cmr/m/n/14.4 )]\OMS/cmsy/m
/n/14.4 j[]
 []

[3 <./MF_TDMA_recu.png>] [4]
<m1m2.jpg, id=37, 1686.3pt x 916.42375pt>
File: m1m2.jpg Graphic file (type jpg)
<use m1m2.jpg>
Package pdftex.def Info: m1m2.jpg  used on input line 115.
(pdftex.def)             Requested size: 505.8939pt x 274.92924pt.

Overfull \hbox (81.30766pt too wide) in paragraph at lines 115--116
 [][] 
 []

<Sm1Sm2.jpg, id=38, 1686.3pt x 916.42375pt>
File: Sm1Sm2.jpg Graphic file (type jpg)
<use Sm1Sm2.jpg>
Package pdftex.def Info: Sm1Sm2.jpg  used on input line 121.
(pdftex.def)             Requested size: 505.8939pt x 274.92924pt.

Overfull \hbox (81.30766pt too wide) in paragraph at lines 121--122
 [][] 
 []

<signaux1et2.jpg, id=39, 1686.3pt x 916.42375pt>
File: signaux1et2.jpg Graphic file (type jpg)
<use signaux1et2.jpg>
Package pdftex.def Info: signaux1et2.jpg  used on input line 131.
(pdftex.def)             Requested size: 505.8939pt x 274.92924pt.

Overfull \hbox (81.30766pt too wide) in paragraph at lines 131--132
 [][] 
 []

[5 <./m1m2.jpg>]
<signalatransmettre.jpg, id=44, 1686.3pt x 916.42375pt>
File: signalatransmettre.jpg Graphic file (type jpg)
<use signalatransmettre.jpg>
Package pdftex.def Info: signalatransmettre.jpg  used on input line 136.
(pdftex.def)             Requested size: 505.8939pt x 274.92924pt.

Overfull \hbox (81.30766pt too wide) in paragraph at lines 136--137
 [][] 
 []

[6 <./Sm1Sm2.jpg> <./signaux1et2.jpg>]
<densitePuissanceSignalatransmettre.jpg, id=48, 1686.3pt x 916.42375pt>
File: densitePuissanceSignalatransmettre.jpg Graphic file (type jpg)
<use densitePuissanceSignalatransmettre.jpg>
Package pdftex.def Info: densitePuissanceSignalatransmettre.jpg  used on input 
line 143.
(pdftex.def)             Requested size: 505.8939pt x 274.92924pt.

Overfull \hbox (81.30766pt too wide) in paragraph at lines 143--144
 [][] 
 []


Underfull \hbox (badness 10000) in paragraph at lines 139--145

 []

<recepteur.png, id=49, 721.94719pt x 147.55125pt>
File: recepteur.png Graphic file (type png)
<use recepteur.png>
Package pdftex.def Info: recepteur.png  used on input line 152.
(pdftex.def)             Requested size: 426.79134pt x 87.22783pt.

Overfull \hbox (2.2051pt too wide) in paragraph at lines 152--153
 [][] 
 []

[7 <./signalatransmettre.jpg>]
Underfull \hbox (badness 10000) in paragraph at lines 157--159

 []

[8 <./densitePuissanceSignalatransmettre.jpg> <./recepteur.png>]
<passeBas.jpg, id=58, 1686.3pt x 916.42375pt>
File: passeBas.jpg Graphic file (type jpg)
<use passeBas.jpg>
Package pdftex.def Info: passeBas.jpg  used on input line 176.
(pdftex.def)             Requested size: 505.8939pt x 274.92924pt.

Overfull \hbox (81.30766pt too wide) in paragraph at lines 176--177
 [][] 
 []

<supperpose1.jpg, id=59, 1686.3pt x 916.42375pt>
File: supperpose1.jpg Graphic file (type jpg)
<use supperpose1.jpg>
Package pdftex.def Info: supperpose1.jpg  used on input line 182.
(pdftex.def)             Requested size: 505.8939pt x 274.92924pt.

Overfull \hbox (81.30766pt too wide) in paragraph at lines 182--183
 [][] 
 []


Underfull \hbox (badness 10000) in paragraph at lines 178--184

 []

[9 <./passeBas.jpg>] [10 <./supperpose1.jpg>]
<passeHaut.jpg, id=66, 1686.3pt x 916.42375pt>
File: passeHaut.jpg Graphic file (type jpg)
<use passeHaut.jpg>
Package pdftex.def Info: passeHaut.jpg  used on input line 201.
(pdftex.def)             Requested size: 505.8939pt x 274.92924pt.

Overfull \hbox (81.30766pt too wide) in paragraph at lines 201--202
 [][] 
 []

<supperpose2.jpg, id=67, 1686.3pt x 916.42375pt>
File: supperpose2.jpg Graphic file (type jpg)
<use supperpose2.jpg>
Package pdftex.def Info: supperpose2.jpg  used on input line 207.
(pdftex.def)             Requested size: 505.8939pt x 274.92924pt.

Overfull \hbox (81.30766pt too wide) in paragraph at lines 207--208
 [][] 
 []


Underfull \hbox (badness 10000) in paragraph at lines 203--209

 []

<avantapresfiltrage.jpg, id=68, 1686.3pt x 916.42375pt>
File: avantapresfiltrage.jpg Graphic file (type jpg)
<use avantapresfiltrage.jpg>
Package pdftex.def Info: avantapresfiltrage.jpg  used on input line 216.
(pdftex.def)             Requested size: 505.8939pt x 274.92924pt.

Overfull \hbox (81.30766pt too wide) in paragraph at lines 216--217
 [][] 
 []

[11 <./passeHaut.jpg>]
<retourEnBandeDeBase.jpg, id=72, 1686.3pt x 916.42375pt>
File: retourEnBandeDeBase.jpg Graphic file (type jpg)
<use retourEnBandeDeBase.jpg>
Package pdftex.def Info: retourEnBandeDeBase.jpg  used on input line 224.
(pdftex.def)             Requested size: 421.57397pt x 229.10538pt.
 [12 <./supperpose2.jpg> <./avantapresfiltrage.jpg>]
Overfull \hbox (100.50845pt too wide) in paragraph at lines 232--238
\T1/cmr/m/n/14.4 On re-cons-truit les suites de bits \T1/cmr/m/it/14.4 bits_uti
lisateur1_recupéré \T1/cmr/m/n/14.4 et \T1/cmr/m/it/14.4 bits_utilisateur2_recu
péré\T1/cmr/m/n/14.4 . 
 []


Underfull \hbox (badness 10000) in paragraph at lines 232--238

 []


Underfull \hbox (badness 10000) in paragraph at lines 232--238

 []


Underfull \hbox (badness 10000) in paragraph at lines 232--238

 []

[13 <./retourEnBandeDeBase.jpg>] [14] (./exemple_rapport.aux) ) 
Here is how much of TeX's memory you used:
 3453 strings out of 481239
 47943 string characters out of 5920377
 287147 words of memory out of 5000000
 18663 multiletter control sequences out of 15000+600000
 548089 words of font info for 67 fonts, out of 8000000 for 9000
 1141 hyphenation exceptions out of 8191
 33i,8n,35p,407b,425s stack positions out of 5000i,500n,10000p,200000b,80000s
{/usr/share/texm
f/fonts/enc/dvips/cm-super/cm-super-t1.enc}{/usr/share/texmf/fonts/enc/dvips/cm
-super/cm-super-ts1.enc}</usr/share/texlive/texmf-dist/fonts/type1/public/amsfo
nts/cm/cmmi10.pfb></usr/share/texlive/texmf-dist/fonts/type1/public/amsfonts/cm
/cmmi12.pfb></usr/share/texlive/texmf-dist/fonts/type1/public/amsfonts/cm/cmmi7
.pfb></usr/share/texlive/texmf-dist/fonts/type1/public/amsfonts/cm/cmr10.pfb></
usr/share/texlive/texmf-dist/fonts/type1/public/amsfonts/cm/cmr12.pfb></usr/sha
re/texlive/texmf-dist/fonts/type1/public/amsfonts/cm/cmr5.pfb></usr/share/texli
ve/texmf-dist/fonts/type1/public/amsfonts/cm/cmr7.pfb></usr/share/texlive/texmf
-dist/fonts/type1/public/amsfonts/cm/cmsy10.pfb></usr/share/texmf/fonts/type1/p
ublic/cm-super/sfbx1000.pfb></usr/share/texmf/fonts/type1/public/cm-super/sfbx1
200.pfb></usr/share/texmf/fonts/type1/public/cm-super/sfbx1440.pfb></usr/share/
texmf/fonts/type1/public/cm-super/sfbx1728.pfb></usr/share/texmf/fonts/type1/pu
blic/cm-super/sfcc1000.pfb></usr/share/texmf/fonts/type1/public/cm-super/sfrm10
00.pfb></usr/share/texmf/fonts/type1/public/cm-super/sfrm1200.pfb></usr/share/t
exmf/fonts/type1/public/cm-super/sfrm1440.pfb></usr/share/texmf/fonts/type1/pub
lic/cm-super/sfti1440.pfb>
Output written on exemple_rapport.pdf (14 pages, 1508765 bytes).
PDF statistics:
 140 PDF objects out of 1000 (max. 8388607)
 89 compressed objects within 1 object stream
 0 named destinations out of 1000 (max. 500000)
 71 words of extra memory for PDF output out of 10000 (max. 10000000)

